[2026-02-12 22:13:53] [INFO] Configuration saved.
[2026-02-12 22:13:53] [INFO] Bill Validator Service Started.
[2026-02-12 22:13:53] [INFO] EGM Core Module Ready. Type 'help' for commands.
[2026-02-12 22:13:53] [INFO] [Hardware] Pinging Bill Validator...
[2026-02-12 22:13:54] [INFO] Bill Validator ACK received.
[2026-02-12 22:23:26] [INFO] Configuration loaded.
[2026-02-12 22:23:26] [INFO] Bill Validator Service Started.
[2026-02-12 22:23:26] [INFO] EGM Core Module Ready. Type 'help' for commands.
[2026-02-12 22:23:26] [INFO] [Hardware] Pinging Bill Validator...
[2026-02-12 22:23:26] [INFO] Bill Validator ACK received.
[2026-02-12 22:23:31] [INFO] [Update] Starting install: a.json
[2026-02-12 22:23:31] [INFO] State Changed: IDLE -> UPDATING | Reason: User initiated update
[2026-02-12 22:23:31] [ERROR] [Update] Install failed: Package file not found.
[2026-02-12 22:23:31] [WARNING] [Update] Rolling back to 1.0.0
[2026-02-12 22:23:31] [INFO] Configuration saved.
[2026-02-12 22:23:31] [INFO] State Changed: UPDATING -> IDLE | Reason: Rollback complete
[2026-02-12 22:23:36] [INFO] [Hardware] Pinging Bill Validator...
[2026-02-12 22:23:36] [INFO] Bill Validator ACK received.
[2026-02-12 22:23:46] [INFO] [Hardware] Pinging Bill Validator...
[2026-02-12 22:23:46] [INFO] Bill Validator ACK received.
[2026-02-12 22:23:56] [INFO] [Hardware] Pinging Bill Validator...
[2026-02-12 22:23:56] [INFO] Bill Validator ACK received.
[2026-02-12 22:24:06] [INFO] [Hardware] Pinging Bill Validator...
[2026-02-12 22:24:06] [INFO] Bill Validator ACK received.
[2026-02-12 22:24:22] [INFO] Configuration loaded.
[2026-02-12 22:24:26] [INFO] Bill Validator Service Started.
[2026-02-12 22:24:26] [INFO] EGM Core Module Ready. Type 'help' for commands.
[2026-02-12 22:24:26] [INFO] [Hardware] Pinging Bill Validator...
[2026-02-12 22:24:26] [INFO] Bill Validator ACK received.
[2026-02-12 22:24:36] [INFO] [Hardware] Pinging Bill Validator...
[2026-02-12 22:24:36] [INFO] Bill Validator ACK received.
[2026-02-12 22:24:46] [INFO] [Hardware] Pinging Bill Validator...
[2026-02-12 22:24:51] [INFO] Configuration loaded.
[2026-02-12 22:24:58] [INFO] Bill Validator Service Started.
[2026-02-12 22:24:58] [INFO] EGM Core Module Ready. Type 'help' for commands.
[2026-02-12 22:24:58] [INFO] [Hardware] Pinging Bill Validator...
[2026-02-12 22:24:59] [INFO] Bill Validator ACK received.
[2026-02-12 22:25:10] [INFO] [Hardware] Pinging Bill Validator...
[2026-02-12 22:25:28] [ERROR] [Hardware] Bill Validator Timeout! No ACK received.
[2026-02-12 22:25:28] [INFO] [Update] Starting install: a.json
[2026-02-12 22:25:28] [INFO] Bill Validator ACK received.
[2026-02-12 22:25:28] [INFO] [Hardware] Pinging Bill Validator...
[2026-02-12 22:25:30] [INFO] [Hardware] Pinging Bill Validator...
[2026-02-12 22:25:30] [WARNING] [FORCE] Forcing state to MAINTENANCE. Reason: Bill Validator Hardware Failure
[2026-02-12 22:25:30] [INFO] State Changed: IDLE -> MAINTENANCE | Reason: Bill Validator Hardware Failure
[2026-02-12 22:25:30] [WARNING] Invalid Transition: Cannot go from MAINTENANCE to UPDATING. Reason: User initiated update
[2026-02-12 22:25:32] [INFO] Bill Validator ACK received.
[2026-02-12 22:25:32] [ERROR] [Hardware] Bill Validator Timeout! No ACK received.
[2026-02-12 22:25:32] [WARNING] [Update] System must be IDLE.
[2026-02-12 22:25:32] [ERROR] [Hardware] Bill Validator Timeout! No ACK received.
[2026-02-12 22:26:03] [INFO] Configuration loaded.
[2026-02-12 22:26:07] [INFO] Bill Validator Service Started.
[2026-02-12 22:26:07] [INFO] EGM Core Module Ready. Type 'help' for commands.
[2026-02-12 22:26:07] [INFO] [Hardware] Pinging Bill Validator...
[2026-02-12 22:26:07] [INFO] Bill Validator ACK received.
[2026-02-12 22:26:19] [INFO] [Hardware] Pinging Bill Validator...
[2026-02-12 22:26:21] [INFO] Bill Validator ACK received.
[2026-02-12 22:26:23] [INFO] [Update] Starting install: a.json
[2026-02-12 22:26:24] [INFO] State Changed: IDLE -> UPDATING | Reason: User initiated update
[2026-02-12 22:26:30] [INFO] [Hardware] Pinging Bill Validator...
[2026-02-12 22:26:44] [INFO] [Hardware] Pinging Bill Validator...
[2026-02-12 22:26:48] [INFO] [Hardware] Pinging Bill Validator...
[2026-02-12 22:26:48] [INFO] Bill Validator ACK received.
[2026-02-12 22:27:00] [INFO] Bill Validator ACK received.
[2026-02-12 22:27:00] [INFO] Bill Validator ACK received.
[2026-02-12 22:27:00] [ERROR] [Hardware] Bill Validator Timeout! No ACK received.
[2026-02-12 22:27:01] [ERROR] [Update] Install failed: Package file not found.
[2026-02-12 22:27:00] [INFO] [Hardware] Pinging Bill Validator...
[2026-02-13 00:26:45] [INFO] Configuration loaded.
[2026-02-13 00:26:45] [INFO] Bill Validator Service Started.
[2026-02-13 00:26:45] [INFO] EGM Core Module Ready. Type 'help' for commands.
[2026-02-13 00:26:45] [INFO] [Hardware] Pinging Bill Validator...
[2026-02-13 00:26:45] [INFO] Bill Validator ACK received.
[2026-02-13 00:26:55] [INFO] [Hardware] Pinging Bill Validator...
[2026-02-13 00:26:55] [INFO] Bill Validator ACK received.
[2026-02-13 00:27:08] [INFO] [Hardware] Pinging Bill Validator...
[2026-02-13 00:27:12] [ERROR] [Hardware] Bill Validator Timeout! No ACK received.
[2026-02-13 00:27:12] [INFO] Bill Validator ACK received.
[2026-02-13 00:27:14] [INFO] [Update] Starting install: v1.01.04.json
[2026-02-13 00:27:15] [INFO] [Hardware] Pinging Bill Validator...
[2026-02-13 00:27:15] [WARNING] [FORCE] Forcing state to MAINTENANCE. Reason: Bill Validator Hardware Failure
[2026-02-13 00:27:15] [INFO] State Changed: IDLE -> MAINTENANCE | Reason: Bill Validator Hardware Failure
[2026-02-13 00:27:15] [WARNING] Invalid Transition: Cannot go from MAINTENANCE to UPDATING. Reason: User initiated update
[2026-02-13 00:27:17] [INFO] Bill Validator ACK received.
[2026-02-13 00:27:17] [WARNING] [Update] System must be IDLE.
[2026-02-13 00:27:26] [INFO] [Hardware] Pinging Bill Validator...
[2026-02-13 00:28:02] [INFO] Configuration loaded.
[2026-02-13 00:28:02] [INFO] Bill Validator Service Started.
[2026-02-13 00:28:02] [INFO] EGM Core Module Ready. Type 'help' for commands.
[2026-02-13 00:28:02] [INFO] [Hardware] Pinging Bill Validator...
[2026-02-13 00:28:03] [INFO] Bill Validator ACK received.
[2026-02-13 00:28:12] [INFO] [Hardware] Pinging Bill Validator...
[2026-02-13 00:28:13] [INFO] [Update] Starting install: v1.01.04.json
[2026-02-13 00:28:14] [INFO] Bill Validator ACK received.
[2026-02-13 00:28:14] [INFO] State Changed: IDLE -> UPDATING | Reason: User initiated update
[2026-02-13 00:28:29] [INFO] [Hardware] Pinging Bill Validator...
[2026-02-13 00:28:31] [INFO] Bill Validator ACK received.
[2026-02-13 00:28:36] [INFO] [Hardware] Pinging Bill Validator...
[2026-02-13 00:28:41] [ERROR] [Hardware] Bill Validator Timeout! No ACK received.
[2026-02-13 00:28:45] [INFO] [Hardware] Pinging Bill Validator...
[2026-02-13 00:28:47] [INFO] Bill Validator ACK received.
[2026-02-13 00:28:47] [WARNING] [FORCE] Forcing state to MAINTENANCE. Reason: Bill Validator Hardware Failure
[2026-02-13 00:28:49] [INFO] Bill Validator ACK received.
[2026-02-13 00:28:49] [ERROR] [Update] Package validation failed: Package file: v1.01.04.json, does not exist.
[2026-02-13 00:28:49] [INFO] State Changed: UPDATING -> MAINTENANCE | Reason: Bill Validator Hardware Failure
[2026-02-13 00:28:52] [ERROR] [Hardware] Bill Validator Timeout! No ACK received.
[2026-02-13 00:28:52] [INFO] [Hardware] Pinging Bill Validator...
[2026-02-13 00:28:52] [INFO] State Changed: MAINTENANCE -> IDLE | Reason: Validation failed
[2026-02-13 00:33:53] [INFO] Configuration loaded.
[2026-02-13 00:33:53] [INFO] Bill Validator Service Started.
[2026-02-13 00:33:53] [INFO] EGM Core Module Ready. Type 'help' for commands.
[2026-02-13 00:33:53] [INFO] [Hardware] Pinging Bill Validator...
[2026-02-13 00:33:53] [INFO] Bill Validator ACK received.
[2026-02-13 00:34:03] [INFO] [Hardware] Pinging Bill Validator...
[2026-02-13 00:34:03] [INFO] Bill Validator ACK received.
[2026-02-13 00:34:13] [INFO] [Hardware] Pinging Bill Validator...
[2026-02-13 00:34:13] [INFO] Bill Validator ACK received.
[2026-02-13 00:34:23] [INFO] [Hardware] Pinging Bill Validator...
[2026-02-13 00:34:23] [INFO] Bill Validator ACK received.
[2026-02-13 00:34:33] [INFO] [Hardware] Pinging Bill Validator...
[2026-02-13 00:34:39] [INFO] Bill Validator ACK received.
[2026-02-13 00:34:39] [INFO] [Update] Starting install: E:\EGM.Core\Data\v1.01.04.txt
[2026-02-13 00:34:40] [INFO] State Changed: IDLE -> UPDATING | Reason: User initiated update
[2026-02-13 00:34:50] [INFO] [Hardware] Pinging Bill Validator...
[2026-02-13 00:34:53] [ERROR] [Hardware] Bill Validator Timeout! No ACK received.
[2026-02-13 00:34:53] [INFO] [Hardware] Pinging Bill Validator...
[2026-02-13 00:34:53] [INFO] Bill Validator ACK received.
[2026-02-13 00:34:54] [WARNING] [FORCE] Forcing state to MAINTENANCE. Reason: Bill Validator Hardware Failure
[2026-02-13 00:34:56] [INFO] Bill Validator ACK received.
[2026-02-13 00:34:56] [INFO] State Changed: UPDATING -> MAINTENANCE | Reason: Bill Validator Hardware Failure
[2026-02-13 00:36:45] [INFO] Configuration loaded.
[2026-02-13 00:36:46] [INFO] Bill Validator Service Started.
[2026-02-13 00:36:46] [INFO] EGM Core Module Ready. Type 'help' for commands.
[2026-02-13 00:36:46] [INFO] [Hardware] Pinging Bill Validator...
[2026-02-13 00:36:46] [INFO] Bill Validator ACK received.
[2026-02-13 00:36:54] [INFO] [Update] Starting install: "E:\EGM.Core\Data\pkg_v1.01.04.txt"
[2026-02-13 00:36:58] [INFO] [Hardware] Pinging Bill Validator...
[2026-02-13 00:36:58] [INFO] State Changed: IDLE -> UPDATING | Reason: User initiated update
[2026-02-13 00:37:04] [ERROR] [Hardware] Bill Validator Timeout! No ACK received.
[2026-02-13 00:37:04] [INFO] Bill Validator ACK received.
[2026-02-13 00:37:07] [INFO] [Hardware] Pinging Bill Validator...
[2026-02-13 00:37:07] [WARNING] [FORCE] Forcing state to MAINTENANCE. Reason: Bill Validator Hardware Failure
[2026-02-13 00:38:10] [INFO] Configuration loaded.
[2026-02-13 00:38:10] [INFO] Bill Validator Service Started.
[2026-02-13 00:38:10] [INFO] EGM Core Module Ready. Type 'help' for commands.
[2026-02-13 00:38:10] [INFO] [Hardware] Pinging Bill Validator...
[2026-02-13 00:38:11] [INFO] Bill Validator ACK received.
[2026-02-13 00:38:21] [INFO] [Hardware] Pinging Bill Validator...
[2026-02-13 00:38:22] [INFO] Bill Validator ACK received.
[2026-02-13 00:38:22] [INFO] [Update] Starting install: E:\EGM.Core\Data\pkg_v1.01.04.txt
[2026-02-13 00:38:23] [INFO] State Changed: IDLE -> UPDATING | Reason: User initiated update
[2026-02-13 00:39:21] [INFO] Configuration loaded.
[2026-02-13 00:39:21] [INFO] Bill Validator Service Started.
[2026-02-13 00:39:21] [INFO] EGM Core Module Ready. Type 'help' for commands.
[2026-02-13 00:39:21] [INFO] [Hardware] Pinging Bill Validator...
[2026-02-13 00:39:21] [INFO] Bill Validator ACK received.
[2026-02-13 00:39:32] [INFO] [Hardware] Pinging Bill Validator...
[2026-02-13 00:39:32] [INFO] [Update] Starting install: E:\EGM.Core\Data\update_pkg_v1.01.04.txt
[2026-02-13 00:39:32] [INFO] State Changed: IDLE -> UPDATING | Reason: User initiated update
[2026-02-13 00:39:32] [ERROR] [Update] Package validation failed: Invalid version format.
[2026-02-13 00:39:32] [INFO] State Changed: UPDATING -> IDLE | Reason: Validation failed
[2026-02-13 00:41:43] [INFO] Configuration loaded.
[2026-02-13 00:41:43] [INFO] Bill Validator Service Started.
[2026-02-13 00:41:43] [INFO] EGM Core Module Ready. Type 'help' for commands.
[2026-02-13 00:41:43] [INFO] [Hardware] Pinging Bill Validator...
[2026-02-13 00:41:44] [INFO] Bill Validator ACK received.
[2026-02-13 00:41:54] [INFO] [Hardware] Pinging Bill Validator...
[2026-02-13 00:41:55] [INFO] [Update] Starting install: E:\EGM.Core\Data\update_pkg_v1.01.04.txt
[2026-02-13 00:41:55] [INFO] State Changed: IDLE -> UPDATING | Reason: User initiated update
[2026-02-13 00:41:56] [INFO] Bill Validator ACK received.
[2026-02-13 00:42:08] [INFO] [Hardware] Pinging Bill Validator...
[2026-02-13 00:45:57] [INFO] Configuration loaded.
[2026-02-13 00:45:57] [INFO] Bill Validator Service Started.
[2026-02-13 00:45:57] [INFO] EGM Core Module Ready. Type 'help' for commands.
[2026-02-13 00:45:57] [INFO] [Hardware] Pinging Bill Validator...
[2026-02-13 00:45:58] [INFO] Bill Validator ACK received.
[2026-02-13 00:46:00] [INFO] [Update] Starting install: E:\EGM.Core\Data\update_pkg_1.1.4.txt
[2026-02-13 00:46:00] [INFO] State Changed: IDLE -> UPDATING | Reason: User initiated update
[2026-02-13 00:46:00] [INFO] [Update] Valid package. Target version: 1.1.4
[2026-02-13 00:46:00] [INFO] [Update] Running pre-install script...
[2026-02-13 00:46:01] [INFO] Configuration saved.
[2026-02-13 00:46:01] [INFO] [Update] Success. Version updated to 1.1.4
[2026-02-13 00:46:01] [INFO] State Changed: UPDATING -> IDLE | Reason: Update complete
[2026-02-13 00:46:07] [INFO] [Hardware] Pinging Bill Validator...
[2026-02-13 00:46:08] [INFO] Bill Validator ACK received.
[2026-02-13 00:46:17] [INFO] [Hardware] Pinging Bill Validator...
[2026-02-13 00:46:18] [INFO] Bill Validator ACK received.
[2026-02-13 00:46:27] [INFO] [Hardware] Pinging Bill Validator...
[2026-02-13 00:46:28] [INFO] Bill Validator ACK received.
[2026-02-13 00:46:37] [INFO] [Hardware] Pinging Bill Validator...
[2026-02-13 00:46:38] [INFO] Bill Validator ACK received.
[2026-02-13 00:46:47] [INFO] [Hardware] Pinging Bill Validator...
[2026-02-13 00:46:48] [INFO] Bill Validator ACK received.
[2026-02-13 00:46:57] [INFO] [Hardware] Pinging Bill Validator...
[2026-02-13 00:46:58] [INFO] Bill Validator ACK received.
[2026-02-13 00:47:07] [INFO] [Hardware] Pinging Bill Validator...
[2026-02-13 00:47:08] [INFO] Bill Validator ACK received.
[2026-02-13 00:47:17] [INFO] [Hardware] Pinging Bill Validator...
[2026-02-13 00:47:18] [INFO] Bill Validator ACK received.
[2026-02-13 00:47:27] [INFO] [Hardware] Pinging Bill Validator...
[2026-02-13 00:47:28] [INFO] Bill Validator ACK received.
[2026-02-13 00:47:31] [INFO] [Update] Starting install: E:\EGM.Core\Data\update_pkg_1.1.3.txt
[2026-02-13 00:47:31] [INFO] State Changed: IDLE -> UPDATING | Reason: User initiated update
[2026-02-13 00:47:31] [ERROR] [Update] Package validation failed: Downgrade or same version not allowed.
[2026-02-13 00:47:31] [INFO] State Changed: UPDATING -> IDLE | Reason: Validation failed
[2026-02-13 00:47:37] [INFO] [Hardware] Pinging Bill Validator...
[2026-02-13 00:47:38] [INFO] Bill Validator ACK received.
[2026-02-13 00:47:47] [INFO] [Hardware] Pinging Bill Validator...
[2026-02-13 00:47:48] [INFO] Bill Validator ACK received.
[2026-02-13 00:47:57] [INFO] [Hardware] Pinging Bill Validator...
[2026-02-13 00:47:58] [INFO] Bill Validator ACK received.
